0 info it worked if it ends with ok
1 verbose cli [ '/home/sam/.nvm/versions/node/v6.2.2/bin/node',
1 verbose cli   '/home/sam/.nvm/versions/node/v6.2.2/bin/npm',
1 verbose cli   'run',
1 verbose cli   'lint' ]
2 info using npm@3.9.5
3 info using node@v6.2.2
4 verbose run-script [ 'prelint', 'lint', 'postlint' ]
5 info lifecycle brewtoad-react-client@1.0.0~prelint: brewtoad-react-client@1.0.0
6 silly lifecycle brewtoad-react-client@1.0.0~prelint: no script for prelint, continuing
7 info lifecycle brewtoad-react-client@1.0.0~lint: brewtoad-react-client@1.0.0
8 verbose lifecycle brewtoad-react-client@1.0.0~lint: unsafe-perm in lifecycle true
9 verbose lifecycle brewtoad-react-client@1.0.0~lint: PATH: /home/sam/.nvm/versions/node/v6.2.2/lib/node_modules/npm/bin/node-gyp-bin:/home/sam/brewtoad-react-client/node_modules/.bin:/home/sam/.nvm/versions/node/v6.2.2/bin:/home/sam/.nvm/versions/node/v6.2.2/bin:/usr/local/sbin:/usr/local/bin:/usr/sbin:/usr/bin:/sbin:/bin:/usr/games:/usr/local/games:/snap/bin
10 verbose lifecycle brewtoad-react-client@1.0.0~lint: CWD: /home/sam/brewtoad-react-client
11 silly lifecycle brewtoad-react-client@1.0.0~lint: Args: [ '-c', 'eslint ./app/** --ext=js,jsx' ]
12 silly lifecycle brewtoad-react-client@1.0.0~lint: Returned: code: 1  signal: null
13 info lifecycle brewtoad-react-client@1.0.0~lint: Failed to exec lint script
14 verbose stack Error: brewtoad-react-client@1.0.0 lint: `eslint ./app/** --ext=js,jsx`
14 verbose stack Exit status 1
14 verbose stack     at EventEmitter.<anonymous> (/home/sam/.nvm/versions/node/v6.2.2/lib/node_modules/npm/lib/utils/lifecycle.js:245:16)
14 verbose stack     at emitTwo (events.js:106:13)
14 verbose stack     at EventEmitter.emit (events.js:191:7)
14 verbose stack     at ChildProcess.<anonymous> (/home/sam/.nvm/versions/node/v6.2.2/lib/node_modules/npm/lib/utils/spawn.js:24:14)
14 verbose stack     at emitTwo (events.js:106:13)
14 verbose stack     at ChildProcess.emit (events.js:191:7)
14 verbose stack     at maybeClose (internal/child_process.js:852:16)
14 verbose stack     at Process.ChildProcess._handle.onexit (internal/child_process.js:215:5)
15 verbose pkgid brewtoad-react-client@1.0.0
16 verbose cwd /home/sam/brewtoad-react-client
17 error Linux 4.4.0-34-generic
18 error argv "/home/sam/.nvm/versions/node/v6.2.2/bin/node" "/home/sam/.nvm/versions/node/v6.2.2/bin/npm" "run" "lint"
19 error node v6.2.2
20 error npm  v3.9.5
21 error code ELIFECYCLE
22 error brewtoad-react-client@1.0.0 lint: `eslint ./app/** --ext=js,jsx`
22 error Exit status 1
23 error Failed at the brewtoad-react-client@1.0.0 lint script 'eslint ./app/** --ext=js,jsx'.
23 error Make sure you have the latest version of node.js and npm installed.
23 error If you do, this is most likely a problem with the brewtoad-react-client package,
23 error not with npm itself.
23 error Tell the author that this fails on your system:
23 error     eslint ./app/** --ext=js,jsx
23 error You can get information on how to open an issue for this project with:
23 error     npm bugs brewtoad-react-client
23 error Or if that isn't available, you can get their info via:
23 error     npm owner ls brewtoad-react-client
23 error There is likely additional logging output above.
24 verbose exit [ 1, true ]
